0 verbose cli /usr/local/bin/node /usr/local/bin/npm
1 info using npm@10.5.0
2 info using node@v21.7.3
3 timing npm:load:whichnode Completed in 2ms
4 timing config:load:defaults Completed in 2ms
5 timing config:load:file:/usr/local/lib/node_modules/npm/npmrc Completed in 0ms
6 timing config:load:builtin Completed in 0ms
7 timing config:load:cli Completed in 2ms
8 timing config:load:env Completed in 0ms
9 timing config:load:project Completed in 1ms
10 timing config:load:file:/home/user/.npmrc Completed in 0ms
11 timing config:load:user Completed in 0ms
12 timing config:load:file:/usr/local/etc/npmrc Completed in 0ms
13 timing config:load:global Completed in 1ms
14 timing config:load:setEnvs Completed in 1ms
15 timing config:load Completed in 8ms
16 timing npm:load:configload Completed in 8ms
17 timing config:load:flatten Completed in 2ms
18 timing npm:load:mkdirpcache Completed in 1ms
19 timing npm:load:mkdirplogs Completed in 0ms
20 verbose title npm install
21 verbose argv "install"
22 timing npm:load:setTitle Completed in 1ms
23 timing npm:load:display Completed in 0ms
24 verbose logfile logs-max:10 dir:/home/user/.npm/_logs/2025-03-21T07_35_50_175Z-
25 verbose logfile /home/user/.npm/_logs/2025-03-21T07_35_50_175Z-debug-0.log
26 timing npm:load:logFile Completed in 8ms
27 timing npm:load:timers Completed in 0ms
28 timing npm:load:configScope Completed in 0ms
29 timing npm:load Completed in 35ms
30 timing config:load:flatten Completed in 3ms
31 timing arborist:ctor Completed in 1ms
32 silly logfile done cleaning log files
33 timing idealTree:init Completed in 9ms
34 timing idealTree:userRequests Completed in 0ms
35 silly idealTree buildDeps
36 timing idealTree:#root Completed in 0ms
37 timing idealTree:buildDeps Completed in 1ms
38 timing idealTree:fixDepFlags Completed in 0ms
39 timing idealTree Completed in 11ms
40 timing reify:loadTrees Completed in 16ms
41 timing reify:diffTrees Completed in 1ms
42 silly reify moves {}
43 timing reify:retireShallow Completed in 1ms
44 timing reify:createSparse Completed in 0ms
45 timing reify:loadBundles Completed in 0ms
46 timing reify:unpack Completed in 0ms
47 timing reify:unretire Completed in 0ms
48 timing build:queue Completed in 0ms
49 timing build:deps Completed in 0ms
50 timing build Completed in 0ms
51 timing reify:build Completed in 0ms
52 timing reify:trash Completed in 0ms
53 timing reify:save Completed in 2ms
54 timing reify Completed in 29ms
55 timing command:install Completed in 34ms
56 verbose stack Error: Could not read package.json: Error: ENOENT: no such file or directory, open '/home/user/package.json'
56 verbose stack     at async open (node:internal/fs/promises:637:25)
56 verbose stack     at async readFile (node:internal/fs/promises:1246:14)
56 verbose stack     at async PackageJson.load (/usr/local/lib/node_modules/npm/node_modules/@npmcli/package-json/lib/index.js:129:31)
56 verbose stack     at async PackageJson.normalize (/usr/local/lib/node_modules/npm/node_modules/@npmcli/package-json/lib/index.js:115:5)
56 verbose stack     at async runScript (/usr/local/lib/node_modules/npm/node_modules/@npmcli/run-script/lib/run-script.js:11:28)
56 verbose stack     at async Install.exec (/usr/local/lib/node_modules/npm/lib/commands/install.js:166:9)
56 verbose stack     at async module.exports (/usr/local/lib/node_modules/npm/lib/cli-entry.js:61:5)
57 verbose cwd /home/user
58 verbose Linux 6.1.102
59 verbose node v21.7.3
60 verbose npm  v10.5.0
61 error code ENOENT
62 error syscall open
63 error path /home/user/package.json
64 error errno -2
65 error enoent Could not read package.json: Error: ENOENT: no such file or directory, open '/home/user/package.json'
66 error enoent This is related to npm not being able to find a file.
66 error enoent
67 verbose exit -2
68 timing npm Completed in 227ms
69 verbose code -2
70 error A complete log of this run can be found in: /home/user/.npm/_logs/2025-03-21T07_35_50_175Z-debug-0.log
