0 verbose cli /usr/local/bin/node /usr/local/lib/node_modules/npm/bin/npm-cli.js
1 info using npm@10.5.0
2 info using node@v21.7.3
3 timing npm:load:whichnode Completed in 2ms
4 timing config:load:defaults Completed in 1ms
5 timing config:load:file:/usr/local/lib/node_modules/npm/npmrc Completed in 1ms
6 timing config:load:builtin Completed in 1ms
7 timing config:load:cli Completed in 2ms
8 timing config:load:env Completed in 0ms
9 timing config:load:project Completed in 2ms
10 timing config:load:file:/home/user/.npmrc Completed in 0ms
11 timing config:load:user Completed in 0ms
12 timing config:load:file:/usr/local/etc/npmrc Completed in 0ms
13 timing config:load:global Completed in 0ms
14 timing config:load:setEnvs Completed in 0ms
15 timing config:load Completed in 7ms
16 timing npm:load:configload Completed in 7ms
17 timing config:load:flatten Completed in 2ms
18 timing npm:load:mkdirpcache Completed in 0ms
19 timing npm:load:mkdirplogs Completed in 0ms
20 verbose title npm exec create-next-app@latest . --typescript --tailwind --eslint
21 verbose argv "exec" "--" "create-next-app@latest" "." "--typescript" "--tailwind" "--eslint"
22 timing npm:load:setTitle Completed in 0ms
23 timing npm:load:display Completed in 1ms
24 verbose logfile logs-max:10 dir:/home/user/.npm/_logs/2025-03-21T07_35_56_581Z-
25 verbose logfile /home/user/.npm/_logs/2025-03-21T07_35_56_581Z-debug-0.log
26 timing npm:load:logFile Completed in 7ms
27 timing npm:load:timers Completed in 0ms
28 timing npm:load:configScope Completed in 0ms
29 timing npm:load Completed in 35ms
30 silly logfile done cleaning log files
31 timing arborist:ctor Completed in 1ms
32 http fetch GET 200 https://registry.npmjs.org/create-next-app 435ms (cache miss)
33 timing arborist:ctor Completed in 0ms
34 timing arborist:ctor Completed in 0ms
35 warn exec The following package was not found and will be installed: create-next-app@15.2.3
36 timing arborist:ctor Completed in 1ms
37 timing idealTree:init Completed in 3ms
38 timing idealTree:userRequests Completed in 1ms
39 silly idealTree buildDeps
40 silly fetch manifest create-next-app@15.2.3
41 http fetch GET 200 https://registry.npmjs.org/create-next-app 700ms (cache miss)
42 silly placeDep ROOT create-next-app@15.2.3 OK for:  want: 15.2.3
43 timing idealTree:#root Completed in 1175ms
44 timing idealTree:node_modules/create-next-app Completed in 0ms
45 timing idealTree:buildDeps Completed in 1177ms
46 timing idealTree:fixDepFlags Completed in 0ms
47 timing idealTree Completed in 1182ms
48 timing reify:loadTrees Completed in 1183ms
49 timing reify:diffTrees Completed in 1ms
50 silly reify moves {}
51 timing reify:retireShallow Completed in 1ms
52 timing reify:createSparse Completed in 1ms
53 timing reify:loadBundles Completed in 0ms
54 silly audit bulk request { 'create-next-app': [ '15.2.3' ] }
55 http fetch POST 200 https://registry.npmjs.org/-/npm/v1/security/advisories/bulk 127ms
56 timing auditReport:getReport Completed in 129ms
57 silly audit report {}
58 timing auditReport:init Completed in 0ms
59 timing reify:audit Completed in 130ms
60 silly tarball no local data for create-next-app@https://registry.npmjs.org/create-next-app/-/create-next-app-15.2.3.tgz. Extracting by manifest.
61 http fetch GET 200 https://registry.npmjs.org/create-next-app/-/create-next-app-15.2.3.tgz 259ms (cache miss)
62 timing reifyNode:node_modules/create-next-app Completed in 387ms
63 timing reify:unpack Completed in 387ms
64 timing reify:unretire Completed in 0ms
65 timing build:queue Completed in 0ms
66 timing build:link:node_modules/create-next-app Completed in 2ms
67 timing build:link Completed in 2ms
68 timing build:deps Completed in 2ms
69 timing build Completed in 2ms
70 timing reify:build Completed in 3ms
71 timing reify:trash Completed in 0ms
72 timing reify:save Completed in 4ms
73 timing reify Completed in 1587ms
74 timing command:exec Completed in 2839ms
75 verbose exit 1
76 timing npm Completed in 3049ms
77 verbose code 1
