0 verbose cli /usr/local/bin/node /usr/local/bin/npm
1 info using npm@10.5.0
2 info using node@v21.7.3
3 timing npm:load:whichnode Completed in 1ms
4 timing config:load:defaults Completed in 2ms
5 timing config:load:file:/usr/local/lib/node_modules/npm/npmrc Completed in 0ms
6 timing config:load:builtin Completed in 0ms
7 timing config:load:cli Completed in 2ms
8 timing config:load:env Completed in 0ms
9 timing config:load:file:/home/project/.npmrc Completed in 0ms
10 timing config:load:project Completed in 1ms
11 timing config:load:file:/home/user/.npmrc Completed in 0ms
12 timing config:load:user Completed in 0ms
13 timing config:load:file:/usr/local/etc/npmrc Completed in 0ms
14 timing config:load:global Completed in 1ms
15 timing config:load:setEnvs Completed in 0ms
16 timing config:load Completed in 7ms
17 timing npm:load:configload Completed in 7ms
18 timing config:load:flatten Completed in 2ms
19 timing npm:load:mkdirpcache Completed in 0ms
20 timing npm:load:mkdirplogs Completed in 0ms
21 verbose title npm install
22 verbose argv "install"
23 timing npm:load:setTitle Completed in 1ms
24 timing npm:load:display Completed in 0ms
25 verbose logfile logs-max:10 dir:/home/user/.npm/_logs/2025-03-21T07_37_05_467Z-
26 verbose logfile /home/user/.npm/_logs/2025-03-21T07_37_05_467Z-debug-0.log
27 timing npm:load:logFile Completed in 10ms
28 timing npm:load:timers Completed in 0ms
29 timing npm:load:configScope Completed in 0ms
30 timing npm:load Completed in 38ms
31 timing arborist:ctor Completed in 1ms
32 silly logfile done cleaning log files
33 timing idealTree:init Completed in 55ms
34 timing idealTree:userRequests Completed in 0ms
35 silly idealTree buildDeps
36 silly fetch manifest @radix-ui/react-slot@^1.0.2
37 timing arborist:ctor Completed in 0ms
38 http fetch GET 200 https://registry.npmjs.org/@radix-ui%2freact-slot 48ms (cache hit)
39 silly fetch manifest @types/react@^18
40 http fetch GET 200 https://registry.npmjs.org/@types%2freact 11ms (cache hit)
41 silly fetch manifest react@^18
42 http fetch GET 200 https://registry.npmjs.org/react 43ms (cache hit)
43 silly fetch manifest lucide-react@^0.323.0
44 http fetch GET 200 https://registry.npmjs.org/lucide-react 46ms (cache hit)
45 silly fetch manifest next@14.1.0
46 http fetch GET 200 https://registry.npmjs.org/next 75ms (cache hit)
47 silly fetch manifest @opentelemetry/api@^1.1.0
48 http fetch GET 200 https://registry.npmjs.org/@opentelemetry%2fapi 14ms (cache hit)
49 silly fetch manifest react-dom@^18
50 http fetch GET 200 https://registry.npmjs.org/react-dom 34ms (cache hit)
51 silly fetch manifest sass@^1.3.0
52 http fetch GET 200 https://registry.npmjs.org/sass 11ms (cache hit)
53 silly fetch manifest next-themes@^0.2.1
54 http fetch GET 200 https://registry.npmjs.org/next-themes 11ms (cache hit)
55 silly fetch manifest tailwind-merge@^2.2.1
56 http fetch GET 200 https://registry.npmjs.org/tailwind-merge 13ms (cache hit)
57 silly fetch manifest tailwindcss-animate@^1.0.7
58 http fetch GET 200 https://registry.npmjs.org/tailwindcss-animate 6ms (cache hit)
59 silly fetch manifest tailwindcss@^3.3.0
60 http fetch GET 200 https://registry.npmjs.org/tailwindcss 40ms (cache hit)
61 silly fetch manifest @types/react-dom@^18
62 http fetch GET 200 https://registry.npmjs.org/@types%2freact-dom 4ms (cache hit)
63 silly fetch manifest autoprefixer@^10.0.1
64 http fetch GET 200 https://registry.npmjs.org/autoprefixer 16ms (cache hit)
65 silly fetch manifest postcss@^8
66 http fetch GET 200 https://registry.npmjs.org/postcss 6ms (cache hit)
67 silly fetch manifest eslint@^8
68 http fetch GET 200 https://registry.npmjs.org/eslint 26ms (cache hit)
69 silly fetch manifest eslint-config-next@14.1.0
70 http fetch GET 200 https://registry.npmjs.org/eslint-config-next 42ms (cache hit)
71 silly fetch manifest typescript@^5
72 http fetch GET 200 https://registry.npmjs.org/typescript 71ms (cache hit)
